<?xml version="1.0" encoding="UTF-8"?>
<!-- Generated by org.testng.reporters.JUnitReportReporter -->
<testsuite skipped="0" hostname="DESKTOP-6IFL0MR" name="com.AppiumFramework.APIDemotest" tests="2" failures="0" timestamp="01 Jun 2020 15:25:04 GMT" time="63.244" errors="0">
  <testcase name="APIdemo" time="31.797" classname="com.AppiumFramework.APIDemotest"/>
  <testcase name="APIdemo" time="31.447" classname="com.AppiumFramework.APIDemotest"/>
</testsuite> <!-- com.AppiumFramework.APIDemotest -->
