<?xml version="1.0" encoding="UTF-8"?>
<!-- Generated by org.testng.reporters.JUnitReportReporter -->
<testsuite skipped="0" hostname="DESKTOP-6IFL0MR" name="com.AppiumFramework.EcomTC_4" tests="1" failures="0" timestamp="01 Jun 2020 15:25:04 GMT" time="39.486" errors="0">
  <testcase name="twoproductsval" time="39.486" classname="com.AppiumFramework.EcomTC_4"/>
</testsuite> <!-- com.AppiumFramework.EcomTC_4 -->
